2024-06-20T23:49:37.092+05:30  INFO 3500 --- [SpringDatajpaDemo] [restartedMain] c.e.S.SpringDatajpaDemoApplication       : Starting SpringDatajpaDemoApplication using Java 21 with PID 3500 (C:\Users\ADMIN\Downloads\SpringDatajpaDemo\target\classes started by ADMIN in C:\Users\ADMIN\Downloads\SpringDatajpaDemo)
2024-06-20T23:49:37.120+05:30  INFO 3500 --- [SpringDatajpaDemo] [restartedMain] c.e.S.SpringDatajpaDemoApplication       : No active profile set, falling back to 1 default profile: "default"
2024-06-20T23:49:37.317+05:30  INFO 3500 --- [SpringDatajpaDemo] [restartedMain] .e.DevToolsPropertyDefaultsPostProcessor : Devtools property defaults active! Set 'spring.devtools.add-properties' to 'false' to disable
2024-06-20T23:49:37.318+05:30  INFO 3500 --- [SpringDatajpaDemo] [restartedMain] .e.DevToolsPropertyDefaultsPostProcessor : For additional web related logging consider setting the 'logging.level.web' property to 'DEBUG'
2024-06-20T23:49:40.605+05:30  INFO 3500 --- [SpringDatajpaDemo] [restartedMain] .s.d.r.c.RepositoryConfigurationDelegate : Bootstrapping Spring Data JPA repositories in DEFAULT mode.
2024-06-20T23:49:40.779+05:30  INFO 3500 --- [SpringDatajpaDemo] [restartedMain] .s.d.r.c.RepositoryConfigurationDelegate : Finished Spring Data repository scanning in 148 ms. Found 1 JPA repository interface.
2024-06-20T23:49:43.738+05:30  INFO 3500 --- [SpringDatajpaDemo] [restartedMain] o.s.b.w.embedded.tomcat.TomcatWebServer  : Tomcat initialized with port 8080 (http)
2024-06-20T23:49:43.798+05:30  INFO 3500 --- [SpringDatajpaDemo] [restartedMain] o.apache.catalina.core.StandardService   : Starting service [Tomcat]
2024-06-20T23:49:43.800+05:30  INFO 3500 --- [SpringDatajpaDemo] [restartedMain] o.apache.catalina.core.StandardEngine    : Starting Servlet engine: [Apache Tomcat/10.1.25]
2024-06-20T23:49:43.983+05:30  INFO 3500 --- [SpringDatajpaDemo] [restartedMain] o.a.c.c.C.[Tomcat].[localhost].[/]       : Initializing Spring embedded WebApplicationContext
2024-06-20T23:49:43.986+05:30  INFO 3500 --- [SpringDatajpaDemo] [restartedMain] w.s.c.ServletWebServerApplicationContext : Root WebApplicationContext: initialization completed in 6664 ms
2024-06-20T23:49:45.271+05:30  INFO 3500 --- [SpringDatajpaDemo] [restartedMain] o.hibernate.jpa.internal.util.LogHelper  : HHH000204: Processing PersistenceUnitInfo [name: default]
2024-06-20T23:49:45.543+05:30  INFO 3500 --- [SpringDatajpaDemo] [restartedMain] org.hibernate.Version                    : HHH000412: Hibernate ORM core version 6.5.2.Final
2024-06-20T23:49:45.737+05:30  INFO 3500 --- [SpringDatajpaDemo] [restartedMain] o.h.c.internal.RegionFactoryInitiator    : HHH000026: Second-level cache disabled
2024-06-20T23:49:46.860+05:30  INFO 3500 --- [SpringDatajpaDemo] [restartedMain] o.s.o.j.p.SpringPersistenceUnitInfo      : No LoadTimeWeaver setup: ignoring JPA class transformer
2024-06-20T23:49:46.921+05:30  INFO 3500 --- [SpringDatajpaDemo] [restartedMain] com.zaxxer.hikari.HikariDataSource       : HikariPool-1 - Starting...
2024-06-20T23:49:47.806+05:30  INFO 3500 --- [SpringDatajpaDemo] [restartedMain] com.zaxxer.hikari.pool.HikariPool        : HikariPool-1 - Added connection com.mysql.cj.jdbc.ConnectionImpl@1827b34a
2024-06-20T23:49:47.818+05:30  INFO 3500 --- [SpringDatajpaDemo] [restartedMain] com.zaxxer.hikari.HikariDataSource       : HikariPool-1 - Start completed.
2024-06-20T23:49:47.968+05:30  WARN 3500 --- [SpringDatajpaDemo] [restartedMain] org.hibernate.orm.deprecation            : HHH90000025: MySQL8Dialect does not need to be specified explicitly using 'hibernate.dialect' (remove the property setting and it will be selected by default)
2024-06-20T23:49:47.985+05:30  WARN 3500 --- [SpringDatajpaDemo] [restartedMain] org.hibernate.orm.deprecation            : HHH90000026: MySQL8Dialect has been deprecated; use org.hibernate.dialect.MySQLDialect instead
2024-06-20T23:49:50.517+05:30  INFO 3500 --- [SpringDatajpaDemo] [restartedMain] o.h.e.t.j.p.i.JtaPlatformInitiator       : HHH000489: No JTA platform available (set 'hibernate.transaction.jta.platform' to enable JTA platform integration)
2024-06-20T23:49:50.669+05:30  INFO 3500 --- [SpringDatajpaDemo] [restartedMain] j.LocalContainerEntityManagerFactoryBean : Initialized JPA EntityManagerFactory for persistence unit 'default'
2024-06-20T23:49:52.312+05:30  WARN 3500 --- [SpringDatajpaDemo] [restartedMain] JpaBaseConfiguration$JpaWebConfiguration : spring.jpa.open-in-view is enabled by default. Therefore, database queries may be performed during view rendering. Explicitly configure spring.jpa.open-in-view to disable this warning
2024-06-20T23:49:55.462+05:30  INFO 3500 --- [SpringDatajpaDemo] [restartedMain] o.s.b.d.a.OptionalLiveReloadServer       : LiveReload server is running on port 35729
2024-06-20T23:49:55.512+05:30  INFO 3500 --- [SpringDatajpaDemo] [restartedMain] o.s.b.a.e.web.EndpointLinksResolver      : Exposing 1 endpoint beneath base path '/actuator'
2024-06-20T23:49:55.796+05:30  INFO 3500 --- [SpringDatajpaDemo] [restartedMain] o.s.b.w.embedded.tomcat.TomcatWebServer  : Tomcat started on port 8080 (http) with context path '/'
2024-06-20T23:49:55.837+05:30  INFO 3500 --- [SpringDatajpaDemo] [restartedMain] c.e.S.SpringDatajpaDemoApplication       : Started SpringDatajpaDemoApplication in 20.359 seconds (process running for 21.845)
2024-06-20T23:50:47.231+05:30  INFO 3500 --- [SpringDatajpaDemo] [http-nio-8080-exec-2] o.a.c.c.C.[Tomcat].[localhost].[/]       : Initializing Spring DispatcherServlet 'dispatcherServlet'
2024-06-20T23:50:47.232+05:30  INFO 3500 --- [SpringDatajpaDemo] [http-nio-8080-exec-2] o.s.web.servlet.DispatcherServlet        : Initializing Servlet 'dispatcherServlet'
2024-06-20T23:50:47.237+05:30  INFO 3500 --- [SpringDatajpaDemo] [http-nio-8080-exec-2] o.s.web.servlet.DispatcherServlet        : Completed initialization in 4 ms
2024-06-20T23:56:52.001+05:30  INFO 3500 --- [SpringDatajpaDemo] [File Watcher] rtingClassPathChangeChangedEventListener : Restarting due to 1 class path change (0 additions, 0 deletions, 1 modification)
2024-06-20T23:56:52.047+05:30  INFO 3500 --- [SpringDatajpaDemo] [Thread-5] j.LocalContainerEntityManagerFactoryBean : Closing JPA EntityManagerFactory for persistence unit 'default'
2024-06-20T23:56:52.060+05:30  INFO 3500 --- [SpringDatajpaDemo] [Thread-5] com.zaxxer.hikari.HikariDataSource       : HikariPool-1 - Shutdown initiated...
2024-06-20T23:56:52.101+05:30  INFO 3500 --- [SpringDatajpaDemo] [Thread-5] com.zaxxer.hikari.HikariDataSource       : HikariPool-1 - Shutdown completed.
