2024-06-27T12:35:42.880+05:30  INFO 7648 --- [SpringDatajpaDemo] [restartedMain] c.e.S.SpringDatajpaDemoApplication       : Starting SpringDatajpaDemoApplication using Java 21 with PID 7648 (C:\Users\ADMIN\Downloads\SpringDatajpaDemo\target\classes started by ADMIN in C:\Users\ADMIN\Downloads\SpringDatajpaDemo)
2024-06-27T12:35:42.975+05:30  INFO 7648 --- [SpringDatajpaDemo] [restartedMain] c.e.S.SpringDatajpaDemoApplication       : The following 1 profile is active: "h2"
2024-06-27T12:35:43.674+05:30  INFO 7648 --- [SpringDatajpaDemo] [restartedMain] .e.DevToolsPropertyDefaultsPostProcessor : Devtools property defaults active! Set 'spring.devtools.add-properties' to 'false' to disable
2024-06-27T12:35:43.677+05:30  INFO 7648 --- [SpringDatajpaDemo] [restartedMain] .e.DevToolsPropertyDefaultsPostProcessor : For additional web related logging consider setting the 'logging.level.web' property to 'DEBUG'
2024-06-27T12:35:50.170+05:30  INFO 7648 --- [SpringDatajpaDemo] [restartedMain] .s.d.r.c.RepositoryConfigurationDelegate : Bootstrapping Spring Data JPA repositories in DEFAULT mode.
2024-06-27T12:35:50.544+05:30  INFO 7648 --- [SpringDatajpaDemo] [restartedMain] .s.d.r.c.RepositoryConfigurationDelegate : Finished Spring Data repository scanning in 299 ms. Found 1 JPA repository interface.
2024-06-27T12:35:54.721+05:30  INFO 7648 --- [SpringDatajpaDemo] [restartedMain] o.s.b.w.embedded.tomcat.TomcatWebServer  : Tomcat initialized with port 8080 (http)
2024-06-27T12:35:54.794+05:30  INFO 7648 --- [SpringDatajpaDemo] [restartedMain] o.apache.catalina.core.StandardService   : Starting service [Tomcat]
2024-06-27T12:35:54.798+05:30  INFO 7648 --- [SpringDatajpaDemo] [restartedMain] o.apache.catalina.core.StandardEngine    : Starting Servlet engine: [Apache Tomcat/10.1.25]
2024-06-27T12:35:55.042+05:30  INFO 7648 --- [SpringDatajpaDemo] [restartedMain] o.a.c.c.C.[Tomcat].[localhost].[/]       : Initializing Spring embedded WebApplicationContext
2024-06-27T12:35:55.045+05:30  INFO 7648 --- [SpringDatajpaDemo] [restartedMain] w.s.c.ServletWebServerApplicationContext : Root WebApplicationContext: initialization completed in 11361 ms
2024-06-27T12:35:55.846+05:30  INFO 7648 --- [SpringDatajpaDemo] [restartedMain] com.zaxxer.hikari.HikariDataSource       : HikariPool-1 - Starting...
2024-06-27T12:35:58.651+05:30  INFO 7648 --- [SpringDatajpaDemo] [restartedMain] com.zaxxer.hikari.pool.HikariPool        : HikariPool-1 - Added connection com.mysql.cj.jdbc.ConnectionImpl@17858377
2024-06-27T12:35:58.663+05:30  INFO 7648 --- [SpringDatajpaDemo] [restartedMain] com.zaxxer.hikari.HikariDataSource       : HikariPool-1 - Start completed.
2024-06-27T12:35:58.702+05:30  INFO 7648 --- [SpringDatajpaDemo] [restartedMain] o.s.b.a.h2.H2ConsoleAutoConfiguration    : H2 console available at '/h2-console'. Database available at 'jdbc:mysql://localhost:3306/kk'
2024-06-27T12:35:59.877+05:30  INFO 7648 --- [SpringDatajpaDemo] [restartedMain] o.hibernate.jpa.internal.util.LogHelper  : HHH000204: Processing PersistenceUnitInfo [name: default]
2024-06-27T12:36:00.609+05:30  INFO 7648 --- [SpringDatajpaDemo] [restartedMain] org.hibernate.Version                    : HHH000412: Hibernate ORM core version 6.5.2.Final
2024-06-27T12:36:00.844+05:30  INFO 7648 --- [SpringDatajpaDemo] [restartedMain] o.h.c.internal.RegionFactoryInitiator    : HHH000026: Second-level cache disabled
2024-06-27T12:36:02.782+05:30  INFO 7648 --- [SpringDatajpaDemo] [restartedMain] o.s.o.j.p.SpringPersistenceUnitInfo      : No LoadTimeWeaver setup: ignoring JPA class transformer
2024-06-27T12:36:03.020+05:30  WARN 7648 --- [SpringDatajpaDemo] [restartedMain] org.hibernate.orm.deprecation            : HHH90000025: MySQL8Dialect does not need to be specified explicitly using 'hibernate.dialect' (remove the property setting and it will be selected by default)
2024-06-27T12:36:03.024+05:30  WARN 7648 --- [SpringDatajpaDemo] [restartedMain] org.hibernate.orm.deprecation            : HHH90000026: MySQL8Dialect has been deprecated; use org.hibernate.dialect.MySQLDialect instead
2024-06-27T12:36:05.571+05:30  INFO 7648 --- [SpringDatajpaDemo] [restartedMain] o.h.e.t.j.p.i.JtaPlatformInitiator       : HHH000489: No JTA platform available (set 'hibernate.transaction.jta.platform' to enable JTA platform integration)
2024-06-27T12:36:05.763+05:30  INFO 7648 --- [SpringDatajpaDemo] [restartedMain] j.LocalContainerEntityManagerFactoryBean : Initialized JPA EntityManagerFactory for persistence unit 'default'
2024-06-27T12:36:08.160+05:30  WARN 7648 --- [SpringDatajpaDemo] [restartedMain] JpaBaseConfiguration$JpaWebConfiguration : spring.jpa.open-in-view is enabled by default. Therefore, database queries may be performed during view rendering. Explicitly configure spring.jpa.open-in-view to disable this warning
2024-06-27T12:36:13.477+05:30  INFO 7648 --- [SpringDatajpaDemo] [restartedMain] o.s.b.d.a.OptionalLiveReloadServer       : LiveReload server is running on port 35729
2024-06-27T12:36:13.567+05:30  INFO 7648 --- [SpringDatajpaDemo] [restartedMain] o.s.b.a.e.web.EndpointLinksResolver      : Exposing 16 endpoints beneath base path '/actuator'
2024-06-27T12:36:14.303+05:30  INFO 7648 --- [SpringDatajpaDemo] [restartedMain] o.s.b.w.embedded.tomcat.TomcatWebServer  : Tomcat started on port 8080 (http) with context path '/'
2024-06-27T12:36:14.377+05:30  INFO 7648 --- [SpringDatajpaDemo] [restartedMain] c.e.S.SpringDatajpaDemoApplication       : Started SpringDatajpaDemoApplication in 33.599 seconds (process running for 36.095)
2024-06-27T12:36:51.828+05:30  INFO 7648 --- [SpringDatajpaDemo] [http-nio-8080-exec-1] o.a.c.c.C.[Tomcat].[localhost].[/]       : Initializing Spring DispatcherServlet 'dispatcherServlet'
2024-06-27T12:36:51.829+05:30  INFO 7648 --- [SpringDatajpaDemo] [http-nio-8080-exec-1] o.s.web.servlet.DispatcherServlet        : Initializing Servlet 'dispatcherServlet'
2024-06-27T12:36:51.840+05:30  INFO 7648 --- [SpringDatajpaDemo] [http-nio-8080-exec-1] o.s.web.servlet.DispatcherServlet        : Completed initialization in 10 ms
2024-06-27T12:36:51.962+05:30  INFO 7648 --- [SpringDatajpaDemo] [http-nio-8080-exec-1] c.e.S.Config.ExampleInterseptor          : -----------preHandler----------
2024-06-27T12:36:51.964+05:30  INFO 7648 --- [SpringDatajpaDemo] [http-nio-8080-exec-1] c.e.S.Config.ExampleInterseptor          : RequestUrl:/swagger-ui.html
2024-06-27T12:36:52.221+05:30  INFO 7648 --- [SpringDatajpaDemo] [http-nio-8080-exec-1] c.e.S.Config.ExampleInterseptor          : ---------------postHandler------------------
2024-06-27T12:36:52.221+05:30  INFO 7648 --- [SpringDatajpaDemo] [http-nio-8080-exec-1] c.e.S.Config.ExampleInterseptor          : Request URI :/swagger-ui.html
2024-06-27T12:36:52.222+05:30  INFO 7648 --- [SpringDatajpaDemo] [http-nio-8080-exec-1] c.e.S.Config.ExampleInterseptor          : --------------afterCompletion----------------
2024-06-27T12:36:52.223+05:30  INFO 7648 --- [SpringDatajpaDemo] [http-nio-8080-exec-1] c.e.S.Config.ExampleInterseptor          : Request URI :/swagger-ui.html
2024-06-27T12:36:52.225+05:30  INFO 7648 --- [SpringDatajpaDemo] [http-nio-8080-exec-1] c.e.S.Config.ExampleInterseptor          : executed Time==259
2024-06-27T12:36:52.393+05:30  INFO 7648 --- [SpringDatajpaDemo] [http-nio-8080-exec-2] c.e.S.Config.ExampleInterseptor          : -----------preHandler----------
2024-06-27T12:36:52.393+05:30  INFO 7648 --- [SpringDatajpaDemo] [http-nio-8080-exec-2] c.e.S.Config.ExampleInterseptor          : RequestUrl:/swagger-ui/swagger-initializer.js
2024-06-27T12:36:52.669+05:30  INFO 7648 --- [SpringDatajpaDemo] [http-nio-8080-exec-2] c.e.S.Config.ExampleInterseptor          : ---------------postHandler------------------
2024-06-27T12:36:52.670+05:30  INFO 7648 --- [SpringDatajpaDemo] [http-nio-8080-exec-2] c.e.S.Config.ExampleInterseptor          : Request URI :/swagger-ui/swagger-initializer.js
2024-06-27T12:36:52.672+05:30  INFO 7648 --- [SpringDatajpaDemo] [http-nio-8080-exec-2] c.e.S.Config.ExampleInterseptor          : --------------afterCompletion----------------
2024-06-27T12:36:52.673+05:30  INFO 7648 --- [SpringDatajpaDemo] [http-nio-8080-exec-2] c.e.S.Config.ExampleInterseptor          : Request URI :/swagger-ui/swagger-initializer.js
2024-06-27T12:36:52.674+05:30  INFO 7648 --- [SpringDatajpaDemo] [http-nio-8080-exec-2] c.e.S.Config.ExampleInterseptor          : executed Time==281
2024-06-27T12:36:53.554+05:30  INFO 7648 --- [SpringDatajpaDemo] [http-nio-8080-exec-3] c.e.S.Config.ExampleInterseptor          : -----------preHandler----------
2024-06-27T12:36:53.557+05:30  INFO 7648 --- [SpringDatajpaDemo] [http-nio-8080-exec-3] c.e.S.Config.ExampleInterseptor          : RequestUrl:/v3/api-docs/swagger-config
2024-06-27T12:36:53.590+05:30  INFO 7648 --- [SpringDatajpaDemo] [http-nio-8080-exec-3] c.e.S.Config.ExampleInterseptor          : ---------------postHandler------------------
2024-06-27T12:36:53.592+05:30  INFO 7648 --- [SpringDatajpaDemo] [http-nio-8080-exec-3] c.e.S.Config.ExampleInterseptor          : Request URI :/v3/api-docs/swagger-config
2024-06-27T12:36:53.603+05:30  INFO 7648 --- [SpringDatajpaDemo] [http-nio-8080-exec-3] c.e.S.Config.ExampleInterseptor          : --------------afterCompletion----------------
2024-06-27T12:36:53.604+05:30  INFO 7648 --- [SpringDatajpaDemo] [http-nio-8080-exec-3] c.e.S.Config.ExampleInterseptor          : Request URI :/v3/api-docs/swagger-config
2024-06-27T12:36:53.606+05:30  INFO 7648 --- [SpringDatajpaDemo] [http-nio-8080-exec-3] c.e.S.Config.ExampleInterseptor          : executed Time==48
2024-06-27T12:36:53.679+05:30  INFO 7648 --- [SpringDatajpaDemo] [http-nio-8080-exec-4] c.e.S.Config.ExampleInterseptor          : -----------preHandler----------
2024-06-27T12:36:53.680+05:30  INFO 7648 --- [SpringDatajpaDemo] [http-nio-8080-exec-4] c.e.S.Config.ExampleInterseptor          : RequestUrl:/v3/api-docs
2024-06-27T12:36:55.820+05:30  INFO 7648 --- [SpringDatajpaDemo] [http-nio-8080-exec-4] o.springdoc.api.AbstractOpenApiResource  : Init duration for springdoc-openapi is: 2007 ms
2024-06-27T12:36:56.145+05:30  INFO 7648 --- [SpringDatajpaDemo] [http-nio-8080-exec-4] c.e.S.Config.ExampleInterseptor          : ---------------postHandler------------------
2024-06-27T12:36:56.156+05:30  INFO 7648 --- [SpringDatajpaDemo] [http-nio-8080-exec-4] c.e.S.Config.ExampleInterseptor          : Request URI :/v3/api-docs
2024-06-27T12:36:56.157+05:30  INFO 7648 --- [SpringDatajpaDemo] [http-nio-8080-exec-4] c.e.S.Config.ExampleInterseptor          : --------------afterCompletion----------------
2024-06-27T12:36:56.160+05:30  INFO 7648 --- [SpringDatajpaDemo] [http-nio-8080-exec-4] c.e.S.Config.ExampleInterseptor          : Request URI :/v3/api-docs
2024-06-27T12:36:56.168+05:30  INFO 7648 --- [SpringDatajpaDemo] [http-nio-8080-exec-4] c.e.S.Config.ExampleInterseptor          : executed Time==2488
2024-06-27T12:37:24.450+05:30  INFO 7648 --- [SpringDatajpaDemo] [http-nio-8080-exec-6] c.e.S.Config.ExampleInterseptor          : -----------preHandler----------
2024-06-27T12:37:24.453+05:30  INFO 7648 --- [SpringDatajpaDemo] [http-nio-8080-exec-6] c.e.S.Config.ExampleInterseptor          : RequestUrl:/jpa/5
2024-06-27T12:37:24.459+05:30  WARN 7648 --- [SpringDatajpaDemo] [http-nio-8080-exec-6] c.e.S.Controller.EmployeeController      : Emp details by id retrived
2024-06-27T12:37:24.915+05:30  INFO 7648 --- [SpringDatajpaDemo] [http-nio-8080-exec-6] c.e.S.Config.ExampleInterseptor          : ---------------postHandler------------------
2024-06-27T12:37:24.920+05:30  INFO 7648 --- [SpringDatajpaDemo] [http-nio-8080-exec-6] c.e.S.Config.ExampleInterseptor          : Request URI :/jpa/5
2024-06-27T12:37:24.923+05:30  INFO 7648 --- [SpringDatajpaDemo] [http-nio-8080-exec-6] c.e.S.Config.ExampleInterseptor          : --------------afterCompletion----------------
2024-06-27T12:37:24.926+05:30  INFO 7648 --- [SpringDatajpaDemo] [http-nio-8080-exec-6] c.e.S.Config.ExampleInterseptor          : Request URI :/jpa/5
2024-06-27T12:37:24.928+05:30  INFO 7648 --- [SpringDatajpaDemo] [http-nio-8080-exec-6] c.e.S.Config.ExampleInterseptor          : executed Time==473
